<?xml version="1.0" encoding="UTF-8"?>
<coverage generated="1778245997450" clover="3.2.0">
  <project timestamp="1778245997450" name="All files">
    <metrics statements="23" coveredstatements="23" conditionals="9" coveredconditionals="7" methods="11" coveredmethods="11" elements="43" coveredelements="41" complexity="0" loc="23" ncloc="23" packages="2" files="3" classes="3"/>
    <package name="components">
      <metrics statements="19" coveredstatements="19" conditionals="6" coveredconditionals="5" methods="9" coveredmethods="9"/>
      <file name="AdminLogin.tsx" path="C:\Users\sangeetha m s\Automaticcertificategeneratorsystem\src\app\components\AdminLogin.tsx">
        <metrics statements="19" coveredstatements="19" conditionals="6" coveredconditionals="5" methods="9" coveredmethods="9"/>
        <line num="6" count="11" type="stmt"/>
        <line num="7" count="11" type="stmt"/>
        <line num="8" count="11" type="stmt"/>
        <line num="9" count="5" type="stmt"/>
        <line num="12" count="11" type="stmt"/>
        <line num="13" count="5" type="stmt"/>
        <line num="14" count="1" type="stmt"/>
        <line num="15" count="1" type="stmt"/>
        <line num="18" count="5" type="stmt"/>
        <line num="19" count="5" type="stmt"/>
        <line num="22" count="11" type="stmt"/>
        <line num="23" count="1" type="stmt"/>
        <line num="24" count="1" type="cond" truecount="3" falsecount="1"/>
        <line num="25" count="1" type="stmt"/>
        <line num="26" count="1" type="stmt"/>
        <line num="30" count="11" type="stmt"/>
        <line num="58" count="2" type="stmt"/>
        <line num="70" count="2" type="stmt"/>
        <line num="85" count="1" type="stmt"/>
      </file>
    </package>
    <package name="components.ui">
      <metrics statements="4" coveredstatements="4" conditionals="3" coveredconditionals="2" methods="2" coveredmethods="2"/>
      <file name="button.tsx" path="C:\Users\sangeetha m s\Automaticcertificategeneratorsystem\src\app\components\ui\button.tsx">
        <metrics statements="3" coveredstatements="3" conditionals="3" coveredconditionals="2" methods="1" coveredmethods="1"/>
        <line num="7" count="1" type="stmt"/>
        <line num="47" count="6" type="cond" truecount="1" falsecount="1"/>
        <line num="49" count="6" type="stmt"/>
      </file>
      <file name="utils.ts" path="C:\Users\sangeetha m s\Automaticcertificategeneratorsystem\src\app\components\ui\utils.ts">
        <metrics statements="1" coveredstatements="1" conditionals="0" coveredconditionals="0" methods="1" coveredmethods="1"/>
        <line num="5" count="6" type="stmt"/>
      </file>
    </package>
  </project>
</coverage>
