{"C:\\Users\\sangeetha m s\\Automaticcertificategeneratorsystem\\src\\app\\components\\AdminLogin.tsx": {"path":"C:\\Users\\sangeetha m s\\Automaticcertificategeneratorsystem\\src\\app\\components\\AdminLogin.tsx","statementMap":{"0":{"start":{"line":6,"column":8},"end":{"line":6,"column":null}},"1":{"start":{"line":7,"column":36},"end":{"line":7,"column":null}},"2":{"start":{"line":8,"column":22},"end":{"line":10,"column":null}},"3":{"start":{"line":9,"column":4},"end":{"line":9,"column":null}},"4":{"start":{"line":12,"column":2},"end":{"line":20,"column":null}},"5":{"start":{"line":13,"column":29},"end":{"line":16,"column":null}},"6":{"start":{"line":14,"column":26},"end":{"line":14,"column":null}},"7":{"start":{"line":15,"column":6},"end":{"line":15,"column":null}},"8":{"start":{"line":18,"column":4},"end":{"line":18,"column":null}},"9":{"start":{"line":19,"column":4},"end":{"line":19,"column":null}},"10":{"start":{"line":19,"column":17},"end":{"line":19,"column":null}},"11":{"start":{"line":22,"column":23},"end":{"line":28,"column":null}},"12":{"start":{"line":23,"column":4},"end":{"line":23,"column":null}},"13":{"start":{"line":24,"column":4},"end":{"line":27,"column":null}},"14":{"start":{"line":25,"column":6},"end":{"line":25,"column":null}},"15":{"start":{"line":26,"column":6},"end":{"line":26,"column":null}},"16":{"start":{"line":30,"column":2},"end":{"line":92,"column":null}},"17":{"start":{"line":58,"column":33},"end":{"line":58,"column":null}},"18":{"start":{"line":70,"column":33},"end":{"line":70,"column":null}},"19":{"start":{"line":85,"column":27},"end":{"line":85,"column":null}}},"fnMap":{"0":{"name":"AdminLogin","decl":{"start":{"line":5,"column":16},"end":{"line":5,"column":29}},"loc":{"start":{"line":5,"column":29},"end":{"line":94,"column":null}},"line":5},"1":{"name":"(anonymous_1)","decl":{"start":{"line":8,"column":50},"end":{"line":8,"column":56}},"loc":{"start":{"line":8,"column":56},"end":{"line":10,"column":3}},"line":8},"2":{"name":"(anonymous_2)","decl":{"start":{"line":12,"column":12},"end":{"line":12,"column":18}},"loc":{"start":{"line":12,"column":18},"end":{"line":20,"column":5}},"line":12},"3":{"name":"(anonymous_3)","decl":{"start":{"line":13,"column":29},"end":{"line":13,"column":35}},"loc":{"start":{"line":13,"column":35},"end":{"line":16,"column":null}},"line":13},"4":{"name":"(anonymous_4)","decl":{"start":{"line":19,"column":11},"end":{"line":19,"column":17}},"loc":{"start":{"line":19,"column":17},"end":{"line":19,"column":null}},"line":19},"5":{"name":"(anonymous_5)","decl":{"start":{"line":22,"column":23},"end":{"line":22,"column":24}},"loc":{"start":{"line":22,"column":47},"end":{"line":28,"column":null}},"line":22},"6":{"name":"(anonymous_6)","decl":{"start":{"line":58,"column":26},"end":{"line":58,"column":27}},"loc":{"start":{"line":58,"column":33},"end":{"line":58,"column":null}},"line":58},"7":{"name":"(anonymous_7)","decl":{"start":{"line":70,"column":26},"end":{"line":70,"column":27}},"loc":{"start":{"line":70,"column":33},"end":{"line":70,"column":null}},"line":70},"8":{"name":"(anonymous_8)","decl":{"start":{"line":85,"column":21},"end":{"line":85,"column":27}},"loc":{"start":{"line":85,"column":27},"end":{"line":85,"column":null}},"line":85}},"branchMap":{"0":{"loc":{"start":{"line":24,"column":4},"end":{"line":27,"column":null}},"type":"if","locations":[{"start":{"line":24,"column":4},"end":{"line":27,"column":null}},{"start":{},"end":{}}],"line":24},"1":{"loc":{"start":{"line":24,"column":8},"end":{"line":24,"column":54}},"type":"binary-expr","locations":[{"start":{"line":24,"column":8},"end":{"line":24,"column":32}},{"start":{"line":24,"column":32},"end":{"line":24,"column":54}}],"line":24},"2":{"loc":{"start":{"line":35,"column":13},"end":{"line":38,"column":null}},"type":"cond-expr","locations":[{"start":{"line":36,"column":14},"end":{"line":36,"column":null}},{"start":{"line":38,"column":14},"end":{"line":38,"column":null}}],"line":35}},"s":{"0":11,"1":11,"2":11,"3":5,"4":11,"5":5,"6":1,"7":1,"8":5,"9":5,"10":5,"11":11,"12":1,"13":1,"14":1,"15":1,"16":11,"17":2,"18":2,"19":1},"f":{"0":11,"1":5,"2":5,"3":1,"4":5,"5":1,"6":2,"7":2,"8":1},"b":{"0":[1,0],"1":[1,1],"2":[2,8]},"meta":{"lastBranch":3,"lastFunction":9,"lastStatement":20,"seen":{"f:5:16:5:29":0,"s:6:8:6:Infinity":0,"s:7:36:7:Infinity":1,"s:8:22:10:Infinity":2,"f:8:50:8:56":1,"s:9:4:9:Infinity":3,"s:12:2:20:Infinity":4,"f:12:12:12:18":2,"s:13:29:16:Infinity":5,"f:13:29:13:35":3,"s:14:26:14:Infinity":6,"s:15:6:15:Infinity":7,"s:18:4:18:Infinity":8,"s:19:4:19:Infinity":9,"f:19:11:19:17":4,"s:19:17:19:Infinity":10,"s:22:23:28:Infinity":11,"f:22:23:22:24":5,"s:23:4:23:Infinity":12,"b:24:4:27:Infinity:undefined:undefined:undefined:undefined":0,"s:24:4:27:Infinity":13,"b:24:8:24:32:24:32:24:54":1,"s:25:6:25:Infinity":14,"s:26:6:26:Infinity":15,"s:30:2:92:Infinity":16,"b:36:14:36:Infinity:38:14:38:Infinity":2,"f:58:26:58:27":6,"s:58:33:58:Infinity":17,"f:70:26:70:27":7,"s:70:33:70:Infinity":18,"f:85:21:85:27":8,"s:85:27:85:Infinity":19}}}
,"C:\\Users\\sangeetha m s\\Automaticcertificategeneratorsystem\\src\\app\\components\\ui\\button.tsx": {"path":"C:\\Users\\sangeetha m s\\Automaticcertificategeneratorsystem\\src\\app\\components\\ui\\button.tsx","statementMap":{"0":{"start":{"line":7,"column":6},"end":{"line":35,"column":null}},"1":{"start":{"line":47,"column":15},"end":{"line":47,"column":null}},"2":{"start":{"line":49,"column":2},"end":{"line":54,"column":null}}},"fnMap":{"0":{"name":"Button","decl":{"start":{"line":37,"column":9},"end":{"line":37,"column":16}},"loc":{"start":{"line":46,"column":5},"end":{"line":56,"column":null}},"line":46}},"branchMap":{"0":{"loc":{"start":{"line":41,"column":2},"end":{"line":41,"column":null}},"type":"default-arg","locations":[{"start":{"line":41,"column":12},"end":{"line":41,"column":null}}],"line":41},"1":{"loc":{"start":{"line":47,"column":15},"end":{"line":47,"column":null}},"type":"cond-expr","locations":[{"start":{"line":47,"column":25},"end":{"line":47,"column":32}},{"start":{"line":47,"column":32},"end":{"line":47,"column":null}}],"line":47}},"s":{"0":1,"1":6,"2":6},"f":{"0":6},"b":{"0":[6],"1":[0,6]},"meta":{"lastBranch":2,"lastFunction":1,"lastStatement":3,"seen":{"s:7:6:35:Infinity":0,"f:37:9:37:16":0,"b:41:12:41:Infinity":0,"s:47:15:47:Infinity":1,"b:47:25:47:32:47:32:47:Infinity":1,"s:49:2:54:Infinity":2}}}
,"C:\\Users\\sangeetha m s\\Automaticcertificategeneratorsystem\\src\\app\\components\\ui\\utils.ts": {"path":"C:\\Users\\sangeetha m s\\Automaticcertificategeneratorsystem\\src\\app\\components\\ui\\utils.ts","statementMap":{"0":{"start":{"line":5,"column":2},"end":{"line":5,"column":null}}},"fnMap":{"0":{"name":"cn","decl":{"start":{"line":4,"column":16},"end":{"line":4,"column":22}},"loc":{"start":{"line":4,"column":44},"end":{"line":6,"column":null}},"line":4}},"branchMap":{},"s":{"0":6},"f":{"0":6},"b":{},"meta":{"lastBranch":0,"lastFunction":1,"lastStatement":1,"seen":{"f:4:16:4:22":0,"s:5:2:5:Infinity":0}}}
}
